d:\siegeengine-master\siegeengine-master\senginegraphics\intermediate\x64\debug\vc141.pdb
d:\siegeengine-master\siegeengine-master\senginegraphics\intermediate\x64\debug\vc141.idb
d:\siegeengine-master\siegeengine-master\senginegraphics\intermediate\x64\debug\directx11.obj
d:\siegeengine-master\siegeengine-master\senginegraphics\intermediate\x64\debug\graphicshandler.obj
d:\siegeengine-master\siegeengine-master\senginegraphics\intermediate\x64\debug\opengl.obj
d:\siegeengine-master\siegeengine-master\siegeengine\bin\x64\module\senginegraphics.ilk
d:\siegeengine-master\siegeengine-master\siegeengine\bin\x64\module\senginegraphics.dll
d:\siegeengine-master\siegeengine-master\siegeengine\bin\x64\module\senginegraphics.pdb
d:\siegeengine-master\siegeengine-master\siegeengine\bin\x64\module\senginegraphics.lib
d:\siegeengine-master\siegeengine-master\siegeengine\bin\x64\module\senginegraphics.exp
d:\siegeengine-master\siegeengine-master\\siegeengine\bin\x64\module\senginegraphics.pdb
d:\siegeengine-master\siegeengine-master\\siegeengine\bin\x64\module\senginegraphics.dll
d:\siegeengine-master\siegeengine-master\\siegeengine\bin\x64\module\senginegraphics.ilk
d:\siegeengine-master\siegeengine-master\senginegraphics\intermediate\x64\debug\senginegraphics.tlog\cl.command.1.tlog
d:\siegeengine-master\siegeengine-master\senginegraphics\intermediate\x64\debug\senginegraphics.tlog\cl.read.1.tlog
d:\siegeengine-master\siegeengine-master\senginegraphics\intermediate\x64\debug\senginegraphics.tlog\cl.write.1.tlog
d:\siegeengine-master\siegeengine-master\senginegraphics\intermediate\x64\debug\senginegraphics.tlog\link.command.1.tlog
d:\siegeengine-master\siegeengine-master\senginegraphics\intermediate\x64\debug\senginegraphics.tlog\link.read.1.tlog
d:\siegeengine-master\siegeengine-master\senginegraphics\intermediate\x64\debug\senginegraphics.tlog\link.write.1.tlog
d:\siegeengine-master\siegeengine-master\senginegraphics\intermediate\x64\debug\senginegraphics.tlog\senginegraphics.write.1u.tlog
