d:\siegeengine-master\siegeengine-master\senginemathlib\intermediate\x64\debug\senginemathlib.pdb
d:\siegeengine-master\siegeengine-master\senginemathlib\intermediate\x64\debug\senginemathlib.idb
d:\siegeengine-master\siegeengine-master\senginemathlib\intermediate\x64\debug\color.obj
d:\siegeengine-master\siegeengine-master\senginemathlib\intermediate\x64\debug\matrix.obj
d:\siegeengine-master\siegeengine-master\senginemathlib\intermediate\x64\debug\vector2.obj
d:\siegeengine-master\siegeengine-master\senginemathlib\intermediate\x64\debug\vector3.obj
d:\siegeengine-master\siegeengine-master\senginemathlib\intermediate\x64\debug\vector4.obj
d:\siegeengine-master\siegeengine\senginemathlib\intermediate\x64\debug\senginemathlib.pdb
d:\siegeengine-master\siegeengine\senginemathlib\intermediate\x64\debug\senginemathlib.idb
d:\siegeengine-master\siegeengine\senginemathlib\intermediate\x64\debug\color.obj
d:\siegeengine-master\siegeengine\senginemathlib\intermediate\x64\debug\matrix.obj
d:\siegeengine-master\siegeengine\senginemathlib\intermediate\x64\debug\vector2.obj
d:\siegeengine-master\siegeengine\senginemathlib\intermediate\x64\debug\vector3.obj
d:\siegeengine-master\siegeengine\senginemathlib\intermediate\x64\debug\vector4.obj
d:\siegeengine-master\siegeengine-master\siegeengine\bin\mathlib\x64\debug\senginemathlib.lib
d:\siegeengine-master\siegeengine\siegeengine\bin\mathlib\x64\debug\senginemathlib.lib
d:\siegeengine-master\siegeengine\siegeengine\bin\mathlib\x64\debug\senginemathlib.pdb
d:\siegeengine-master\siegeengine\senginemathlib\intermediate\x64\debug\senginemathlib.tlog\cl.command.1.tlog
d:\siegeengine-master\siegeengine\senginemathlib\intermediate\x64\debug\senginemathlib.tlog\cl.read.1.tlog
d:\siegeengine-master\siegeengine\senginemathlib\intermediate\x64\debug\senginemathlib.tlog\cl.write.1.tlog
d:\siegeengine-master\siegeengine\senginemathlib\intermediate\x64\debug\senginemathlib.tlog\lib-link.read.1.tlog
d:\siegeengine-master\siegeengine\senginemathlib\intermediate\x64\debug\senginemathlib.tlog\lib-link.write.1.tlog
d:\siegeengine-master\siegeengine\senginemathlib\intermediate\x64\debug\senginemathlib.tlog\lib.command.1.tlog
